Analysis & Synthesis report for simpleton
Thu Sep 19 13:52:05 2024
Quartus II 32-bit Version 13.1.0 Build 162 10/23/2013 SJ Web Edition


---------------------
; Table of Contents ;
---------------------
  1. Legal Notice
  2. Analysis & Synthesis Summary
  3. Analysis & Synthesis Settings
  4. Parallel Compilation
  5. Analysis & Synthesis Source Files Read
  6. Analysis & Synthesis Resource Usage Summary
  7. Analysis & Synthesis Resource Utilization by Entity
  8. General Register Statistics
  9. Multiplexer Restructuring Statistics (Restructuring Performed)
 10. Port Connectivity Checks: "controle_simpleton_pit:cs|ffdrse:ff0"
 11. Port Connectivity Checks: "controle_simpleton_pit:cs|ffdrse:ff1"
 12. Port Connectivity Checks: "controle_simpleton_pit:cs|ffdrse:ff2"
 13. Port Connectivity Checks: "controle_simpleton_pit:cs|trad_inst_pit:tradutor|ffdrse:ff_inst_reg1"
 14. Port Connectivity Checks: "controle_simpleton_pit:cs|trad_inst_pit:tradutor|ffdrse:ff_inst_reg0"
 15. Port Connectivity Checks: "memoria_pit:memoria_neandreis|reg8_pit:r"
 16. Port Connectivity Checks: "memoria_pit:memoria_neandreis"
 17. Port Connectivity Checks: "reg8_pit:REM"
 18. Elapsed Time Per Partition
 19. Analysis & Synthesis Messages



----------------
; Legal Notice ;
----------------
Copyright (C) 1991-2013 Altera Corporation
Your use of Altera Corporation's design tools, logic functions 
and other software and tools, and its AMPP partner logic 
functions, and any output files from any of the foregoing 
(including device programming or simulation files), and any 
associated documentation or information are expressly subject 
to the terms and conditions of the Altera Program License 
Subscription Agreement, Altera MegaCore Function License 
Agreement, or other applicable license agreement, including, 
without limitation, that your use is for the sole purpose of 
programming logic devices manufactured by Altera and sold by 
Altera or its authorized distributors.  Please refer to the 
applicable agreement for further details.



+---------------------------------------------------------------------------------+
; Analysis & Synthesis Summary                                                    ;
+------------------------------------+--------------------------------------------+
; Analysis & Synthesis Status        ; Successful - Thu Sep 19 13:52:05 2024      ;
; Quartus II 32-bit Version          ; 13.1.0 Build 162 10/23/2013 SJ Web Edition ;
; Revision Name                      ; simpleton                                  ;
; Top-level Entity Name              ; simpleton_pitanga                          ;
; Family                             ; Cyclone IV GX                              ;
; Total logic elements               ; 95                                         ;
;     Total combinational functions  ; 95                                         ;
;     Dedicated logic registers      ; 37                                         ;
; Total registers                    ; 37                                         ;
; Total pins                         ; 52                                         ;
; Total virtual pins                 ; 0                                          ;
; Total memory bits                  ; 0                                          ;
; Embedded Multiplier 9-bit elements ; 0                                          ;
; Total GXB Receiver Channel PCS     ; 0                                          ;
; Total GXB Receiver Channel PMA     ; 0                                          ;
; Total GXB Transmitter Channel PCS  ; 0                                          ;
; Total GXB Transmitter Channel PMA  ; 0                                          ;
; Total PLLs                         ; 0                                          ;
+------------------------------------+--------------------------------------------+


+----------------------------------------------------------------------------------------------------------------------+
; Analysis & Synthesis Settings                                                                                        ;
+----------------------------------------------------------------------------+--------------------+--------------------+
; Option                                                                     ; Setting            ; Default Value      ;
+----------------------------------------------------------------------------+--------------------+--------------------+
; Top-level entity name                                                      ; simpleton_pitanga  ; simpleton          ;
; Family name                                                                ; Cyclone IV GX      ; Cyclone IV GX      ;
; Use smart compilation                                                      ; Off                ; Off                ;
; Enable parallel Assembler and TimeQuest Timing Analyzer during compilation ; On                 ; On                 ;
; Enable compact report table                                                ; Off                ; Off                ;
; Restructure Multiplexers                                                   ; Auto               ; Auto               ;
; Create Debugging Nodes for IP Cores                                        ; Off                ; Off                ;
; Preserve fewer node names                                                  ; On                 ; On                 ;
; Disable OpenCore Plus hardware evaluation                                  ; Off                ; Off                ;
; Verilog Version                                                            ; Verilog_2001       ; Verilog_2001       ;
; VHDL Version                                                               ; VHDL_1993          ; VHDL_1993          ;
; State Machine Processing                                                   ; Auto               ; Auto               ;
; Safe State Machine                                                         ; Off                ; Off                ;
; Extract Verilog State Machines                                             ; On                 ; On                 ;
; Extract VHDL State Machines                                                ; On                 ; On                 ;
; Ignore Verilog initial constructs                                          ; Off                ; Off                ;
; Iteration limit for constant Verilog loops                                 ; 5000               ; 5000               ;
; Iteration limit for non-constant Verilog loops                             ; 250                ; 250                ;
; Add Pass-Through Logic to Inferred RAMs                                    ; On                 ; On                 ;
; Infer RAMs from Raw Logic                                                  ; On                 ; On                 ;
; Parallel Synthesis                                                         ; On                 ; On                 ;
; DSP Block Balancing                                                        ; Auto               ; Auto               ;
; NOT Gate Push-Back                                                         ; On                 ; On                 ;
; Power-Up Don't Care                                                        ; On                 ; On                 ;
; Remove Redundant Logic Cells                                               ; Off                ; Off                ;
; Remove Duplicate Registers                                                 ; On                 ; On                 ;
; Ignore CARRY Buffers                                                       ; Off                ; Off                ;
; Ignore CASCADE Buffers                                                     ; Off                ; Off                ;
; Ignore GLOBAL Buffers                                                      ; Off                ; Off                ;
; Ignore ROW GLOBAL Buffers                                                  ; Off                ; Off                ;
; Ignore LCELL Buffers                                                       ; Off                ; Off                ;
; Ignore SOFT Buffers                                                        ; On                 ; On                 ;
; Limit AHDL Integers to 32 Bits                                             ; Off                ; Off                ;
; Optimization Technique                                                     ; Balanced           ; Balanced           ;
; Carry Chain Length                                                         ; 70                 ; 70                 ;
; Auto Carry Chains                                                          ; On                 ; On                 ;
; Auto Open-Drain Pins                                                       ; On                 ; On                 ;
; Perform WYSIWYG Primitive Resynthesis                                      ; Off                ; Off                ;
; Auto ROM Replacement                                                       ; On                 ; On                 ;
; Auto RAM Replacement                                                       ; On                 ; On                 ;
; Auto DSP Block Replacement                                                 ; On                 ; On                 ;
; Auto Shift Register Replacement                                            ; Auto               ; Auto               ;
; Allow Shift Register Merging across Hierarchies                            ; Auto               ; Auto               ;
; Auto Clock Enable Replacement                                              ; On                 ; On                 ;
; Strict RAM Replacement                                                     ; Off                ; Off                ;
; Allow Synchronous Control Signals                                          ; On                 ; On                 ;
; Force Use of Synchronous Clear Signals                                     ; Off                ; Off                ;
; Auto RAM Block Balancing                                                   ; On                 ; On                 ;
; Auto RAM to Logic Cell Conversion                                          ; Off                ; Off                ;
; Auto Resource Sharing                                                      ; Off                ; Off                ;
; Allow Any RAM Size For Recognition                                         ; Off                ; Off                ;
; Allow Any ROM Size For Recognition                                         ; Off                ; Off                ;
; Allow Any Shift Register Size For Recognition                              ; Off                ; Off                ;
; Use LogicLock Constraints during Resource Balancing                        ; On                 ; On                 ;
; Ignore translate_off and synthesis_off directives                          ; Off                ; Off                ;
; Timing-Driven Synthesis                                                    ; On                 ; On                 ;
; Report Parameter Settings                                                  ; On                 ; On                 ;
; Report Source Assignments                                                  ; On                 ; On                 ;
; Report Connectivity Checks                                                 ; On                 ; On                 ;
; Ignore Maximum Fan-Out Assignments                                         ; Off                ; Off                ;
; Synchronization Register Chain Length                                      ; 2                  ; 2                  ;
; PowerPlay Power Optimization                                               ; Normal compilation ; Normal compilation ;
; HDL message level                                                          ; Level2             ; Level2             ;
; Suppress Register Optimization Related Messages                            ; Off                ; Off                ;
; Number of Removed Registers Reported in Synthesis Report                   ; 5000               ; 5000               ;
; Number of Swept Nodes Reported in Synthesis Report                         ; 5000               ; 5000               ;
; Number of Inverted Registers Reported in Synthesis Report                  ; 100                ; 100                ;
; Clock MUX Protection                                                       ; On                 ; On                 ;
; Auto Gated Clock Conversion                                                ; Off                ; Off                ;
; Block Design Naming                                                        ; Auto               ; Auto               ;
; SDC constraint protection                                                  ; Off                ; Off                ;
; Synthesis Effort                                                           ; Auto               ; Auto               ;
; Shift Register Replacement - Allow Asynchronous Clear Signal               ; On                 ; On                 ;
; Pre-Mapping Resynthesis Optimization                                       ; Off                ; Off                ;
; Analysis & Synthesis Message Level                                         ; Medium             ; Medium             ;
; Disable Register Merging Across Hierarchies                                ; Auto               ; Auto               ;
; Resource Aware Inference For Block RAM                                     ; On                 ; On                 ;
; Synthesis Seed                                                             ; 1                  ; 1                  ;
+----------------------------------------------------------------------------+--------------------+--------------------+


Parallel compilation was disabled, but you have multiple processors available. Enable parallel compilation to reduce compilation time.
+-------------------------------------+
; Parallel Compilation                ;
+----------------------------+--------+
; Processors                 ; Number ;
+----------------------------+--------+
; Number detected on machine ; 20     ;
; Maximum allowed            ; 1      ;
+----------------------------+--------+


+---------------------------------------------------------------------------------------------------------------------------------------------+
; Analysis & Synthesis Source Files Read                                                                                                      ;
+----------------------------------+-----------------+------------------------+-----------------------------------------------------+---------+
; File Name with User-Entered Path ; Used in Netlist ; File Type              ; File Name with Absolute Path                        ; Library ;
+----------------------------------+-----------------+------------------------+-----------------------------------------------------+---------+
; simpleton_pitanga.v              ; yes             ; User Verilog HDL File  ; /home/rodrigo/Desktop/becnhmark/simpleton_pitanga.v ;         ;
+----------------------------------+-----------------+------------------------+-----------------------------------------------------+---------+


+---------------------------------------------+
; Analysis & Synthesis Resource Usage Summary ;
+--------------------------+------------------+
; Resource                 ; Usage            ;
+--------------------------+------------------+
; I/O pins                 ; 52               ;
; DSP block 9-bit elements ; 0                ;
; Maximum fan-out node     ; rst~input        ;
; Maximum fan-out          ; 39               ;
; Total fan-out            ; 535              ;
; Average fan-out          ; 2.27             ;
+--------------------------+------------------+


+---------------------------------------------------------------------------------------------------------------------------------------------------------------------------------------------------------------------------------------------------------------------+
; Analysis & Synthesis Resource Utilization by Entity                                                                                                                                                                                                                 ;
+------------------------------------+-------------------+--------------+-------------+--------------+---------+-----------+-----------+------+--------------+-----------------------------------------------------------------------------------------+--------------+
; Compilation Hierarchy Node         ; LC Combinationals ; LC Registers ; Memory Bits ; DSP Elements ; DSP 9x9 ; DSP 18x18 ; DSP 36x36 ; Pins ; Virtual Pins ; Full Hierarchy Name                                                                     ; Library Name ;
+------------------------------------+-------------------+--------------+-------------+--------------+---------+-----------+-----------+------+--------------+-----------------------------------------------------------------------------------------+--------------+
; |simpleton_pitanga                 ; 95 (0)            ; 37 (0)       ; 0           ; 0            ; 0       ; 0         ; 0         ; 52   ; 0            ; |simpleton_pitanga                                                                      ; work         ;
;    |controle_simpleton_pit:cs|     ; 11 (7)            ; 5 (0)        ; 0           ; 0            ; 0       ; 0         ; 0         ; 0    ; 0            ; |simpleton_pitanga|controle_simpleton_pit:cs                                            ; work         ;
;       |ffdrse:ff0|                 ; 0 (0)             ; 1 (1)        ; 0           ; 0            ; 0       ; 0         ; 0         ; 0    ; 0            ; |simpleton_pitanga|controle_simpleton_pit:cs|ffdrse:ff0                                 ; work         ;
;       |ffdrse:ff1|                 ; 0 (0)             ; 1 (1)        ; 0           ; 0            ; 0       ; 0         ; 0         ; 0    ; 0            ; |simpleton_pitanga|controle_simpleton_pit:cs|ffdrse:ff1                                 ; work         ;
;       |ffdrse:ff2|                 ; 0 (0)             ; 1 (1)        ; 0           ; 0            ; 0       ; 0         ; 0         ; 0    ; 0            ; |simpleton_pitanga|controle_simpleton_pit:cs|ffdrse:ff2                                 ; work         ;
;       |trad_inst_pit:tradutor|     ; 4 (4)             ; 2 (0)        ; 0           ; 0            ; 0       ; 0         ; 0         ; 0    ; 0            ; |simpleton_pitanga|controle_simpleton_pit:cs|trad_inst_pit:tradutor                     ; work         ;
;          |ffdrse:ff_inst_reg0|     ; 0 (0)             ; 1 (1)        ; 0           ; 0            ; 0       ; 0         ; 0         ; 0    ; 0            ; |simpleton_pitanga|controle_simpleton_pit:cs|trad_inst_pit:tradutor|ffdrse:ff_inst_reg0 ; work         ;
;          |ffdrse:ff_inst_reg1|     ; 0 (0)             ; 1 (1)        ; 0           ; 0            ; 0       ; 0         ; 0         ; 0    ; 0            ; |simpleton_pitanga|controle_simpleton_pit:cs|trad_inst_pit:tradutor|ffdrse:ff_inst_reg1 ; work         ;
;    |display7seg:disp_EndMem|       ; 7 (7)             ; 0 (0)        ; 0           ; 0            ; 0       ; 0         ; 0         ; 0    ; 0            ; |simpleton_pitanga|display7seg:disp_EndMem                                              ; work         ;
;    |display7seg:disp_Mem128|       ; 7 (7)             ; 0 (0)        ; 0           ; 0            ; 0       ; 0         ; 0         ; 0    ; 0            ; |simpleton_pitanga|display7seg:disp_Mem128                                              ; work         ;
;    |mais_um_pit:incrementapc|      ; 16 (16)           ; 0 (0)        ; 0           ; 0            ; 0       ; 0         ; 0         ; 0    ; 0            ; |simpleton_pitanga|mais_um_pit:incrementapc                                             ; work         ;
;    |memoria_pit:memoria_neandreis| ; 22 (0)            ; 8 (0)        ; 0           ; 0            ; 0       ; 0         ; 0         ; 0    ; 0            ; |simpleton_pitanga|memoria_pit:memoria_neandreis                                        ; work         ;
;       |mux21_8b_pit:m8b|           ; 13 (13)           ; 0 (0)        ; 0           ; 0            ; 0       ; 0         ; 0         ; 0    ; 0            ; |simpleton_pitanga|memoria_pit:memoria_neandreis|mux21_8b_pit:m8b                       ; work         ;
;       |reg8_pit:r|                 ; 9 (0)             ; 8 (0)        ; 0           ; 0            ; 0       ; 0         ; 0         ; 0    ; 0            ; |simpleton_pitanga|memoria_pit:memoria_neandreis|reg8_pit:r                             ; work         ;
;          |ffdrse:ff0|              ; 1 (1)             ; 1 (1)        ; 0           ; 0            ; 0       ; 0         ; 0         ; 0    ; 0            ; |simpleton_pitanga|memoria_pit:memoria_neandreis|reg8_pit:r|ffdrse:ff0                  ; work         ;
;          |ffdrse:ff1|              ; 1 (1)             ; 1 (1)        ; 0           ; 0            ; 0       ; 0         ; 0         ; 0    ; 0            ; |simpleton_pitanga|memoria_pit:memoria_neandreis|reg8_pit:r|ffdrse:ff1                  ; work         ;
;          |ffdrse:ff2|              ; 2 (2)             ; 1 (1)        ; 0           ; 0            ; 0       ; 0         ; 0         ; 0    ; 0            ; |simpleton_pitanga|memoria_pit:memoria_neandreis|reg8_pit:r|ffdrse:ff2                  ; work         ;
;          |ffdrse:ff3|              ; 1 (1)             ; 1 (1)        ; 0           ; 0            ; 0       ; 0         ; 0         ; 0    ; 0            ; |simpleton_pitanga|memoria_pit:memoria_neandreis|reg8_pit:r|ffdrse:ff3                  ; work         ;
;          |ffdrse:ff4|              ; 1 (1)             ; 1 (1)        ; 0           ; 0            ; 0       ; 0         ; 0         ; 0    ; 0            ; |simpleton_pitanga|memoria_pit:memoria_neandreis|reg8_pit:r|ffdrse:ff4                  ; work         ;
;          |ffdrse:ff5|              ; 1 (1)             ; 1 (1)        ; 0           ; 0            ; 0       ; 0         ; 0         ; 0    ; 0            ; |simpleton_pitanga|memoria_pit:memoria_neandreis|reg8_pit:r|ffdrse:ff5                  ; work         ;
;          |ffdrse:ff6|              ; 1 (1)             ; 1 (1)        ; 0           ; 0            ; 0       ; 0         ; 0         ; 0    ; 0            ; |simpleton_pitanga|memoria_pit:memoria_neandreis|reg8_pit:r|ffdrse:ff6                  ; work         ;
;          |ffdrse:ff7|              ; 1 (1)             ; 1 (1)        ; 0           ; 0            ; 0       ; 0         ; 0         ; 0    ; 0            ; |simpleton_pitanga|memoria_pit:memoria_neandreis|reg8_pit:r|ffdrse:ff7                  ; work         ;
;    |mux21_8b_pit:muxmemoria|       ; 5 (5)             ; 0 (0)        ; 0           ; 0            ; 0       ; 0         ; 0         ; 0    ; 0            ; |simpleton_pitanga|mux21_8b_pit:muxmemoria                                              ; work         ;
;    |reg8_pit:AC|                   ; 1 (0)             ; 8 (0)        ; 0           ; 0            ; 0       ; 0         ; 0         ; 0    ; 0            ; |simpleton_pitanga|reg8_pit:AC                                                          ; work         ;
;       |ffdrse:ff0|                 ; 0 (0)             ; 1 (1)        ; 0           ; 0            ; 0       ; 0         ; 0         ; 0    ; 0            ; |simpleton_pitanga|reg8_pit:AC|ffdrse:ff0                                               ; work         ;
;       |ffdrse:ff1|                 ; 0 (0)             ; 1 (1)        ; 0           ; 0            ; 0       ; 0         ; 0         ; 0    ; 0            ; |simpleton_pitanga|reg8_pit:AC|ffdrse:ff1                                               ; work         ;
;       |ffdrse:ff2|                 ; 0 (0)             ; 1 (1)        ; 0           ; 0            ; 0       ; 0         ; 0         ; 0    ; 0            ; |simpleton_pitanga|reg8_pit:AC|ffdrse:ff2                                               ; work         ;
;       |ffdrse:ff3|                 ; 1 (1)             ; 1 (1)        ; 0           ; 0            ; 0       ; 0         ; 0         ; 0    ; 0            ; |simpleton_pitanga|reg8_pit:AC|ffdrse:ff3                                               ; work         ;
;       |ffdrse:ff4|                 ; 0 (0)             ; 1 (1)        ; 0           ; 0            ; 0       ; 0         ; 0         ; 0    ; 0            ; |simpleton_pitanga|reg8_pit:AC|ffdrse:ff4                                               ; work         ;
;       |ffdrse:ff5|                 ; 0 (0)             ; 1 (1)        ; 0           ; 0            ; 0       ; 0         ; 0         ; 0    ; 0            ; |simpleton_pitanga|reg8_pit:AC|ffdrse:ff5                                               ; work         ;
;       |ffdrse:ff6|                 ; 0 (0)             ; 1 (1)        ; 0           ; 0            ; 0       ; 0         ; 0         ; 0    ; 0            ; |simpleton_pitanga|reg8_pit:AC|ffdrse:ff6                                               ; work         ;
;       |ffdrse:ff7|                 ; 0 (0)             ; 1 (1)        ; 0           ; 0            ; 0       ; 0         ; 0         ; 0    ; 0            ; |simpleton_pitanga|reg8_pit:AC|ffdrse:ff7                                               ; work         ;
;    |reg8_pit:PC|                   ; 1 (0)             ; 8 (0)        ; 0           ; 0            ; 0       ; 0         ; 0         ; 0    ; 0            ; |simpleton_pitanga|reg8_pit:PC                                                          ; work         ;
;       |ffdrse:ff0|                 ; 0 (0)             ; 1 (1)        ; 0           ; 0            ; 0       ; 0         ; 0         ; 0    ; 0            ; |simpleton_pitanga|reg8_pit:PC|ffdrse:ff0                                               ; work         ;
;       |ffdrse:ff1|                 ; 0 (0)             ; 1 (1)        ; 0           ; 0            ; 0       ; 0         ; 0         ; 0    ; 0            ; |simpleton_pitanga|reg8_pit:PC|ffdrse:ff1                                               ; work         ;
;       |ffdrse:ff2|                 ; 0 (0)             ; 1 (1)        ; 0           ; 0            ; 0       ; 0         ; 0         ; 0    ; 0            ; |simpleton_pitanga|reg8_pit:PC|ffdrse:ff2                                               ; work         ;
;       |ffdrse:ff3|                 ; 0 (0)             ; 1 (1)        ; 0           ; 0            ; 0       ; 0         ; 0         ; 0    ; 0            ; |simpleton_pitanga|reg8_pit:PC|ffdrse:ff3                                               ; work         ;
;       |ffdrse:ff4|                 ; 0 (0)             ; 1 (1)        ; 0           ; 0            ; 0       ; 0         ; 0         ; 0    ; 0            ; |simpleton_pitanga|reg8_pit:PC|ffdrse:ff4                                               ; work         ;
;       |ffdrse:ff5|                 ; 0 (0)             ; 1 (1)        ; 0           ; 0            ; 0       ; 0         ; 0         ; 0    ; 0            ; |simpleton_pitanga|reg8_pit:PC|ffdrse:ff5                                               ; work         ;
;       |ffdrse:ff6|                 ; 0 (0)             ; 1 (1)        ; 0           ; 0            ; 0       ; 0         ; 0         ; 0    ; 0            ; |simpleton_pitanga|reg8_pit:PC|ffdrse:ff6                                               ; work         ;
;       |ffdrse:ff7|                 ; 1 (1)             ; 1 (1)        ; 0           ; 0            ; 0       ; 0         ; 0         ; 0    ; 0            ; |simpleton_pitanga|reg8_pit:PC|ffdrse:ff7                                               ; work         ;
;    |reg8_pit:REM|                  ; 9 (0)             ; 8 (0)        ; 0           ; 0            ; 0       ; 0         ; 0         ; 0    ; 0            ; |simpleton_pitanga|reg8_pit:REM                                                         ; work         ;
;       |ffdrse:ff0|                 ; 1 (1)             ; 1 (1)        ; 0           ; 0            ; 0       ; 0         ; 0         ; 0    ; 0            ; |simpleton_pitanga|reg8_pit:REM|ffdrse:ff0                                              ; work         ;
;       |ffdrse:ff1|                 ; 1 (1)             ; 1 (1)        ; 0           ; 0            ; 0       ; 0         ; 0         ; 0    ; 0            ; |simpleton_pitanga|reg8_pit:REM|ffdrse:ff1                                              ; work         ;
;       |ffdrse:ff2|                 ; 1 (1)             ; 1 (1)        ; 0           ; 0            ; 0       ; 0         ; 0         ; 0    ; 0            ; |simpleton_pitanga|reg8_pit:REM|ffdrse:ff2                                              ; work         ;
;       |ffdrse:ff3|                 ; 1 (1)             ; 1 (1)        ; 0           ; 0            ; 0       ; 0         ; 0         ; 0    ; 0            ; |simpleton_pitanga|reg8_pit:REM|ffdrse:ff3                                              ; work         ;
;       |ffdrse:ff4|                 ; 1 (1)             ; 1 (1)        ; 0           ; 0            ; 0       ; 0         ; 0         ; 0    ; 0            ; |simpleton_pitanga|reg8_pit:REM|ffdrse:ff4                                              ; work         ;
;       |ffdrse:ff5|                 ; 1 (1)             ; 1 (1)        ; 0           ; 0            ; 0       ; 0         ; 0         ; 0    ; 0            ; |simpleton_pitanga|reg8_pit:REM|ffdrse:ff5                                              ; work         ;
;       |ffdrse:ff6|                 ; 1 (1)             ; 1 (1)        ; 0           ; 0            ; 0       ; 0         ; 0         ; 0    ; 0            ; |simpleton_pitanga|reg8_pit:REM|ffdrse:ff6                                              ; work         ;
;       |ffdrse:ff7|                 ; 2 (2)             ; 1 (1)        ; 0           ; 0            ; 0       ; 0         ; 0         ; 0    ; 0            ; |simpleton_pitanga|reg8_pit:REM|ffdrse:ff7                                              ; work         ;
;    |ula_pit:ula_neandreis|         ; 16 (16)           ; 0 (0)        ; 0           ; 0            ; 0       ; 0         ; 0         ; 0    ; 0            ; |simpleton_pitanga|ula_pit:ula_neandreis                                                ; work         ;
+------------------------------------+-------------------+--------------+-------------+--------------+---------+-----------+-----------+------+--------------+-----------------------------------------------------------------------------------------+--------------+
Note: For table entries with two numbers listed, the numbers in parentheses indicate the number of resources of the given type used by the specific entity alone. The numbers listed outside of parentheses indicate the total resources of the given type used by the specific entity and all of its sub-entities in the hierarchy.


+------------------------------------------------------+
; General Register Statistics                          ;
+----------------------------------------------+-------+
; Statistic                                    ; Value ;
+----------------------------------------------+-------+
; Total registers                              ; 37    ;
; Number of registers using Synchronous Clear  ; 19    ;
; Number of registers using Synchronous Load   ; 0     ;
; Number of registers using Asynchronous Clear ; 0     ;
; Number of registers using Asynchronous Load  ; 0     ;
; Number of registers using Clock Enable       ; 34    ;
; Number of registers using Preset             ; 0     ;
+----------------------------------------------+-------+


+------------------------------------------------------------------------------------------------------------------------------------------------------------------------------------------+
; Multiplexer Restructuring Statistics (Restructuring Performed)                                                                                                                           ;
+--------------------+-----------+---------------+----------------------+------------------------+------------+----------------------------------------------------------------------------+
; Multiplexer Inputs ; Bus Width ; Baseline Area ; Area if Restructured ; Saving if Restructured ; Registered ; Example Multiplexer Output                                                 ;
+--------------------+-----------+---------------+----------------------+------------------------+------------+----------------------------------------------------------------------------+
; 3:1                ; 8 bits    ; 16 LEs        ; 8 LEs                ; 8 LEs                  ; Yes        ; |simpleton_pitanga|reg8_pit:REM|ffdrse:ff7|q                               ;
; 3:1                ; 8 bits    ; 16 LEs        ; 8 LEs                ; 8 LEs                  ; Yes        ; |simpleton_pitanga|memoria_pit:memoria_neandreis|reg8_pit:r|ffdrse:ff2|q   ;
; 4:1                ; 8 bits    ; 16 LEs        ; 16 LEs               ; 0 LEs                  ; Yes        ; |simpleton_pitanga|reg8_pit:PC|ffdrse:ff7|q                                ;
; 4:1                ; 8 bits    ; 16 LEs        ; 16 LEs               ; 0 LEs                  ; Yes        ; |simpleton_pitanga|reg8_pit:AC|ffdrse:ff3|q                                ;
; 9:1                ; 3 bits    ; 18 LEs        ; 15 LEs               ; 3 LEs                  ; No         ; |simpleton_pitanga|memoria_pit:memoria_neandreis|mux21_8b_pit:m8b|saida[5] ;
+--------------------+-----------+---------------+----------------------+------------------------+------------+----------------------------------------------------------------------------+


+------------------------------------------------------------------+
; Port Connectivity Checks: "controle_simpleton_pit:cs|ffdrse:ff0" ;
+--------+-------+----------+--------------------------------------+
; Port   ; Type  ; Severity ; Details                              ;
+--------+-------+----------+--------------------------------------+
; set    ; Input ; Info     ; Stuck at GND                         ;
; enable ; Input ; Info     ; Stuck at VCC                         ;
+--------+-------+----------+--------------------------------------+


+------------------------------------------------------------------+
; Port Connectivity Checks: "controle_simpleton_pit:cs|ffdrse:ff1" ;
+--------+-------+----------+--------------------------------------+
; Port   ; Type  ; Severity ; Details                              ;
+--------+-------+----------+--------------------------------------+
; set    ; Input ; Info     ; Stuck at GND                         ;
; enable ; Input ; Info     ; Stuck at VCC                         ;
+--------+-------+----------+--------------------------------------+


+------------------------------------------------------------------+
; Port Connectivity Checks: "controle_simpleton_pit:cs|ffdrse:ff2" ;
+--------+-------+----------+--------------------------------------+
; Port   ; Type  ; Severity ; Details                              ;
+--------+-------+----------+--------------------------------------+
; set    ; Input ; Info     ; Stuck at GND                         ;
; enable ; Input ; Info     ; Stuck at VCC                         ;
+--------+-------+----------+--------------------------------------+


+--------------------------------------------------------------------------------------------------+
; Port Connectivity Checks: "controle_simpleton_pit:cs|trad_inst_pit:tradutor|ffdrse:ff_inst_reg1" ;
+------+-------+----------+------------------------------------------------------------------------+
; Port ; Type  ; Severity ; Details                                                                ;
+------+-------+----------+------------------------------------------------------------------------+
; rst  ; Input ; Info     ; Stuck at GND                                                           ;
; set  ; Input ; Info     ; Stuck at GND                                                           ;
+------+-------+----------+------------------------------------------------------------------------+


+--------------------------------------------------------------------------------------------------+
; Port Connectivity Checks: "controle_simpleton_pit:cs|trad_inst_pit:tradutor|ffdrse:ff_inst_reg0" ;
+------+-------+----------+------------------------------------------------------------------------+
; Port ; Type  ; Severity ; Details                                                                ;
+------+-------+----------+------------------------------------------------------------------------+
; rst  ; Input ; Info     ; Stuck at GND                                                           ;
; set  ; Input ; Info     ; Stuck at GND                                                           ;
+------+-------+----------+------------------------------------------------------------------------+


+----------------------------------------------------------------------+
; Port Connectivity Checks: "memoria_pit:memoria_neandreis|reg8_pit:r" ;
+------+-------+----------+--------------------------------------------+
; Port ; Type  ; Severity ; Details                                    ;
+------+-------+----------+--------------------------------------------+
; set  ; Input ; Info     ; Explicitly unconnected                     ;
+------+-------+----------+--------------------------------------------+


+-------------------------------------------------------------------------------------------------------------------------+
; Port Connectivity Checks: "memoria_pit:memoria_neandreis"                                                               ;
+---------------+--------+----------+-------------------------------------------------------------------------------------+
; Port          ; Type   ; Severity ; Details                                                                             ;
+---------------+--------+----------+-------------------------------------------------------------------------------------+
; oMem128[7..4] ; Output ; Info     ; Connected to dangling logic. Logic that only feeds a dangling port will be removed. ;
+---------------+--------+----------+-------------------------------------------------------------------------------------+


+------------------------------------------+
; Port Connectivity Checks: "reg8_pit:REM" ;
+------+-------+----------+----------------+
; Port ; Type  ; Severity ; Details        ;
+------+-------+----------+----------------+
; set  ; Input ; Info     ; Stuck at GND   ;
+------+-------+----------+----------------+


+-------------------------------+
; Elapsed Time Per Partition    ;
+----------------+--------------+
; Partition Name ; Elapsed Time ;
+----------------+--------------+
; Top            ; 00:00:00     ;
+----------------+--------------+


+-------------------------------+
; Analysis & Synthesis Messages ;
+-------------------------------+
Info: *******************************************************************
Info: Running Quartus II 32-bit Analysis & Synthesis
    Info: Version 13.1.0 Build 162 10/23/2013 SJ Web Edition
    Info: Processing started: Thu Sep 19 13:52:04 2024
Info: Command: quartus_map --read_settings_files=on --write_settings_files=off simpleton -c simpleton
Warning (20028): Parallel compilation is not licensed and has been disabled
Info (12021): Found 11 design units, including 11 entities, in source file simpleton_pitanga.v
    Info (12023): Found entity 1: simpleton_pitanga
    Info (12023): Found entity 2: mais_um_pit
    Info (12023): Found entity 3: mux21_8b_pit
    Info (12023): Found entity 4: reg8_pit
    Info (12023): Found entity 5: memoria_pit
    Info (12023): Found entity 6: rom_prog_pit
    Info (12023): Found entity 7: ula_pit
    Info (12023): Found entity 8: controle_simpleton_pit
    Info (12023): Found entity 9: ffdrse
    Info (12023): Found entity 10: trad_inst_pit
    Info (12023): Found entity 11: display7seg
Info (12127): Elaborating entity "simpleton_pitanga" for the top level hierarchy
Warning (10034): Output port "resultado" at simpleton_pitanga.v(23) has no driver
Info (12128): Elaborating entity "display7seg" for hierarchy "display7seg:disp_EndMem"
Info (12128): Elaborating entity "mais_um_pit" for hierarchy "mais_um_pit:incrementapc"
Warning (10230): Verilog HDL assignment warning at simpleton_pitanga.v(110): truncated value with size 32 to match size of target (8)
Info (12128): Elaborating entity "mux21_8b_pit" for hierarchy "mux21_8b_pit:muxpc"
Info (12128): Elaborating entity "reg8_pit" for hierarchy "reg8_pit:REM"
Info (12128): Elaborating entity "ffdrse" for hierarchy "reg8_pit:REM|ffdrse:ff0"
Info (12128): Elaborating entity "memoria_pit" for hierarchy "memoria_pit:memoria_neandreis"
Info (12128): Elaborating entity "rom_prog_pit" for hierarchy "memoria_pit:memoria_neandreis|rom_prog_pit:rp"
Info (12128): Elaborating entity "ula_pit" for hierarchy "ula_pit:ula_neandreis"
Info (12128): Elaborating entity "controle_simpleton_pit" for hierarchy "controle_simpleton_pit:cs"
Info (12128): Elaborating entity "trad_inst_pit" for hierarchy "controle_simpleton_pit:cs|trad_inst_pit:tradutor"
Info (13014): Ignored 11 buffer(s)
    Info (13019): Ignored 11 SOFT buffer(s)
Warning (13024): Output pins are stuck at VCC or GND
    Warning (13410): Pin "resultado[0]" is stuck at GND
    Warning (13410): Pin "resultado[1]" is stuck at GND
    Warning (13410): Pin "resultado[2]" is stuck at GND
    Warning (13410): Pin "resultado[3]" is stuck at GND
    Warning (13410): Pin "resultado[4]" is stuck at GND
    Warning (13410): Pin "resultado[5]" is stuck at GND
    Warning (13410): Pin "resultado[6]" is stuck at GND
    Warning (13410): Pin "resultado[7]" is stuck at GND
Info (286030): Timing-Driven Synthesis is running
Info (16010): Generating hard_block partition "hard_block:auto_generated_inst"
    Info (16011): Adding 0 node(s), including 0 DDIO, 0 PLL, 0 transceiver and 0 LCELL
Info (21057): Implemented 149 device resources after synthesis - the final resource count might be different
    Info (21058): Implemented 2 input pins
    Info (21059): Implemented 50 output pins
    Info (21061): Implemented 97 logic cells
Info: Quartus II 32-bit Analysis & Synthesis was successful. 0 errors, 12 warnings
    Info: Peak virtual memory: 406 megabytes
    Info: Processing ended: Thu Sep 19 13:52:05 2024
    Info: Elapsed time: 00:00:01
    Info: Total CPU time (on all processors): 00:00:01


